<?xml version="1.0" encoding="UTF-8"?>
<testsuite xmlns:xsi="http://www.w3.org/2001/XMLSchema-instance" xsi:noNamespaceSchemaLocation="https://maven.apache.org/surefire/maven-surefire-plugin/xsd/surefire-test-report.xsd" name="org.example.AppTest" time="0.017" tests="1" errors="0" skipped="0" failures="0">
  <properties>
    <property name="sun.desktop" value="windows"/>
    <property name="awt.toolkit" value="sun.awt.windows.WToolkit"/>
    <property name="file.encoding.pkg" value="sun.io"/>
    <property name="java.specification.version" value="1.8"/>
    <property name="sun.cpu.isalist" value="amd64"/>
    <property name="sun.jnu.encoding" value="Cp1252"/>
    <property name="java.class.path" value="C:\DLTE-FULL-STACK-DEVELOPMENT\DLTE-JAKARTA EE\DLTE_SRIKANTH2\target\test-classes;C:\DLTE-FULL-STACK-DEVELOPMENT\DLTE-JAKARTA EE\DLTE_SRIKANTH2\target\classes;C:\Users\xxbssssa\.m2\repository\junit\junit\4.11\junit-4.11.jar;C:\Users\xxbssssa\.m2\repository\org\hamcrest\hamcrest-core\1.3\hamcrest-core-1.3.jar;C:\Users\xxbssssa\.m2\repository\javax\servlet\jstl\1.2\jstl-1.2.jar;C:\Users\xxbssssa\.m2\repository\javax\servlet\jsp\jsp-api\2.2.1-b03\jsp-api-2.2.1-b03.jar;C:\Users\xxbssssa\.m2\repository\javax\servlet\javax.servlet-api\3.0.1\javax.servlet-api-3.0.1.jar;C:\Users\xxbssssa\.m2\repository\org\projectlombok\lombok\1.18.26\lombok-1.18.26.jar;C:\Users\xxbssssa\.m2\repository\com\oracle\database\jdbc\ojdbc8\12.2.0.1\ojdbc8-12.2.0.1.jar;C:\Users\xxbssssa\.m2\repository\com\oracle\database\jdbc\ucp\12.2.0.1\ucp-12.2.0.1.jar;C:\Users\xxbssssa\.m2\repository\com\oracle\database\security\oraclepki\12.2.0.1\oraclepki-12.2.0.1.jar;C:\Users\xxbssssa\.m2\repository\com\oracle\database\security\osdt_cert\12.2.0.1\osdt_cert-12.2.0.1.jar;C:\Users\xxbssssa\.m2\repository\com\oracle\database\security\osdt_core\12.2.0.1\osdt_core-12.2.0.1.jar;C:\Users\xxbssssa\.m2\repository\com\oracle\database\ha\simplefan\12.2.0.1\simplefan-12.2.0.1.jar;C:\Users\xxbssssa\.m2\repository\com\oracle\database\ha\ons\12.2.0.1\ons-12.2.0.1.jar;C:\Users\xxbssssa\.m2\repository\org\example\DLTE_LIVECODING\1.0-SNAPSHOT\DLTE_LIVECODING-1.0-SNAPSHOT.jar;"/>
    <property name="java.vm.vendor" value="Red Hat, Inc."/>
    <property name="sun.arch.data.model" value="64"/>
    <property name="user.variant" value=""/>
    <property name="java.vendor.url" value="https://developers.redhat.com/"/>
    <property name="user.timezone" value="Asia/Calcutta"/>
    <property name="java.vm.specification.version" value="1.8"/>
    <property name="os.name" value="Windows 10"/>
    <property name="user.country" value="US"/>
    <property name="sun.java.launcher" value="SUN_STANDARD"/>
    <property name="sun.boot.library.path" value="C:\java\java8\jre\bin"/>
    <property name="sun.java.command" value="C:\Users\xxbssssa\AppData\Local\Temp\surefire3173294973772469054\surefirebooter5551287281324437715.jar C:\Users\xxbssssa\AppData\Local\Temp\surefire3173294973772469054 2023-03-30T10-36-11_761-jvmRun1 surefire773054077308149916tmp surefire_05183294473275669148tmp"/>
    <property name="surefire.test.class.path" value="C:\DLTE-FULL-STACK-DEVELOPMENT\DLTE-JAKARTA EE\DLTE_SRIKANTH2\target\test-classes;C:\DLTE-FULL-STACK-DEVELOPMENT\DLTE-JAKARTA EE\DLTE_SRIKANTH2\target\classes;C:\Users\xxbssssa\.m2\repository\junit\junit\4.11\junit-4.11.jar;C:\Users\xxbssssa\.m2\repository\org\hamcrest\hamcrest-core\1.3\hamcrest-core-1.3.jar;C:\Users\xxbssssa\.m2\repository\javax\servlet\jstl\1.2\jstl-1.2.jar;C:\Users\xxbssssa\.m2\repository\javax\servlet\jsp\jsp-api\2.2.1-b03\jsp-api-2.2.1-b03.jar;C:\Users\xxbssssa\.m2\repository\javax\servlet\javax.servlet-api\3.0.1\javax.servlet-api-3.0.1.jar;C:\Users\xxbssssa\.m2\repository\org\projectlombok\lombok\1.18.26\lombok-1.18.26.jar;C:\Users\xxbssssa\.m2\repository\com\oracle\database\jdbc\ojdbc8\12.2.0.1\ojdbc8-12.2.0.1.jar;C:\Users\xxbssssa\.m2\repository\com\oracle\database\jdbc\ucp\12.2.0.1\ucp-12.2.0.1.jar;C:\Users\xxbssssa\.m2\repository\com\oracle\database\security\oraclepki\12.2.0.1\oraclepki-12.2.0.1.jar;C:\Users\xxbssssa\.m2\repository\com\oracle\database\security\osdt_cert\12.2.0.1\osdt_cert-12.2.0.1.jar;C:\Users\xxbssssa\.m2\repository\com\oracle\database\security\osdt_core\12.2.0.1\osdt_core-12.2.0.1.jar;C:\Users\xxbssssa\.m2\repository\com\oracle\database\ha\simplefan\12.2.0.1\simplefan-12.2.0.1.jar;C:\Users\xxbssssa\.m2\repository\com\oracle\database\ha\ons\12.2.0.1\ons-12.2.0.1.jar;C:\Users\xxbssssa\.m2\repository\org\example\DLTE_LIVECODING\1.0-SNAPSHOT\DLTE_LIVECODING-1.0-SNAPSHOT.jar;"/>
    <property name="sun.cpu.endian" value="little"/>
    <property name="user.home" value="C:\Users\xxbssssa"/>
    <property name="user.language" value="en"/>
    <property name="java.specification.vendor" value="Oracle Corporation"/>
    <property name="java.home" value="C:\java\java8\jre"/>
    <property name="basedir" value="C:\DLTE-FULL-STACK-DEVELOPMENT\DLTE-JAKARTA EE\DLTE_SRIKANTH2"/>
    <property name="file.separator" value="\"/>
    <property name="line.separator" value="&#10;"/>
    <property name="java.vm.specification.vendor" value="Oracle Corporation"/>
    <property name="java.specification.name" value="Java Platform API Specification"/>
    <property name="java.awt.graphicsenv" value="sun.awt.Win32GraphicsEnvironment"/>
    <property name="surefire.real.class.path" value="C:\Users\xxbssssa\AppData\Local\Temp\surefire3173294973772469054\surefirebooter5551287281324437715.jar"/>
    <property name="sun.boot.class.path" value="C:\java\java8\jre\lib\resources.jar;C:\java\java8\jre\lib\rt.jar;C:\java\java8\jre\lib\sunrsasign.jar;C:\java\java8\jre\lib\jsse.jar;C:\java\java8\jre\lib\jce.jar;C:\java\java8\jre\lib\charsets.jar;C:\java\java8\jre\lib\jfr.jar;C:\java\java8\jre\classes"/>
    <property name="user.script" value=""/>
    <property name="sun.management.compiler" value="HotSpot 64-Bit Tiered Compilers"/>
    <property name="java.runtime.version" value="1.8.0_292-b10"/>
    <property name="user.name" value="xxbssssa"/>
    <property name="path.separator" value=";"/>
    <property name="os.version" value="10.0"/>
    <property name="java.endorsed.dirs" value="C:\java\java8\jre\lib\endorsed"/>
    <property name="java.runtime.name" value="OpenJDK Runtime Environment"/>
    <property name="file.encoding" value="Cp1252"/>
    <property name="java.vm.name" value="OpenJDK 64-Bit Server VM"/>
    <property name="localRepository" value="C:\Users\xxbssssa\.m2\repository"/>
    <property name="java.vendor.url.bug" value="https://bugzilla.redhat.com/enter_bug.cgi"/>
    <property name="java.io.tmpdir" value="C:\Users\xxbssssa\AppData\Local\Temp\"/>
    <property name="java.version" value="1.8.0_292"/>
    <property name="user.dir" value="C:\DLTE-FULL-STACK-DEVELOPMENT\DLTE-JAKARTA EE\DLTE_SRIKANTH2"/>
    <property name="os.arch" value="amd64"/>
    <property name="java.vm.specification.name" value="Java Virtual Machine Specification"/>
    <property name="java.awt.printerjob" value="sun.awt.windows.WPrinterJob"/>
    <property name="sun.os.patch.level" value=""/>
    <property name="java.library.path" value="C:\java\java8\jre\bin;C:\Windows\Sun\Java\bin;C:\Windows\system32;C:\Windows;C:\oraclexe\app\oracle\product\11.2.0\server\bin;C:\Windows\system32;C:\Windows;C:\Windows\System32\Wbem;C:\Windows\System32\WindowsPowerShell\v1.0\;C:\Windows\System32\OpenSSH\;C:\java\java8\bin;C:\java\java8\jre\bin;C:\Program Files\Git\cmd;C:\Users\xxbssssa\Downloads\apache-activemq-5.16.6-bin.zip\apache-activemq-5.16.6\bin;C:\Users\xxbssssa\Downloads\apache-activemq-5.16.6-bin\apache-activemq-5.16.6\bin;C:\apache-maven-3.9.1\bin;C:\Users\xxbssssa\AppData\Local\Microsoft\WindowsApps;;C:\Program Files\JetBrains\IntelliJ IDEA 2019.3.1\bin;;C:\Users\xxbssssa\AppData\Local\Programs\Microsoft VS Code\bin;."/>
    <property name="java.vm.info" value="mixed mode"/>
    <property name="java.vendor" value="Red Hat, Inc."/>
    <property name="java.vm.version" value="25.292-b10"/>
    <property name="java.ext.dirs" value="C:\java\java8\jre\lib\ext;C:\Windows\Sun\Java\lib\ext"/>
    <property name="sun.io.unicode.encoding" value="UnicodeLittle"/>
    <property name="java.class.version" value="52.0"/>
  </properties>
  <testcase name="shouldAnswerWithTrue" classname="org.example.AppTest" time="0"/>
</testsuite>